{"C:\\Users\\jmest\\OneDrive\\Documentos\\GitHub\\i18n\\src\\App.tsx": {"path":"C:\\Users\\jmest\\OneDrive\\Documentos\\GitHub\\i18n\\src\\App.tsx","statementMap":{"0":{"start":{"line":8,"column":28},"end":{"line":8,"column":39}},"1":{"start":{"line":10,"column":2},"end":{"line":33,"column":4}},"2":{"start":{"line":22,"column":31},"end":{"line":22,"column":61}},"3":{"start":{"line":22,"column":51},"end":{"line":22,"column":60}}},"fnMap":{"0":{"name":"App","decl":{"start":{"line":7,"column":9},"end":{"line":7,"column":12}},"loc":{"start":{"line":7,"column":15},"end":{"line":34,"column":1}},"line":7},"1":{"name":"(anonymous_1)","decl":{"start":{"line":22,"column":25},"end":{"line":22,"column":26}},"loc":{"start":{"line":22,"column":31},"end":{"line":22,"column":61}},"line":22},"2":{"name":"(anonymous_2)","decl":{"start":{"line":22,"column":40},"end":{"line":22,"column":41}},"loc":{"start":{"line":22,"column":51},"end":{"line":22,"column":60}},"line":22}},"branchMap":{},"s":{"0":1,"1":1,"2":0,"3":0},"f":{"0":1,"1":0,"2":0},"b":{},"_coverageSchema":"1a1c01bbd47fc00a2c39e90264f33305004495a9","hash":"88452352d2d24ec029b41ae2b64a83e53ddb55c9"}
,"C:\\Users\\jmest\\OneDrive\\Documentos\\GitHub\\i18n\\src\\components\\Counter.tsx": {"path":"C:\\Users\\jmest\\OneDrive\\Documentos\\GitHub\\i18n\\src\\components\\Counter.tsx","statementMap":{"0":{"start":{"line":3,"column":23},"end":{"line":17,"column":1}},"1":{"start":{"line":4,"column":28},"end":{"line":4,"column":39}},"2":{"start":{"line":5,"column":2},"end":{"line":16,"column":4}},"3":{"start":{"line":9,"column":23},"end":{"line":9,"column":53}},"4":{"start":{"line":9,"column":43},"end":{"line":9,"column":52}}},"fnMap":{"0":{"name":"(anonymous_0)","decl":{"start":{"line":3,"column":23},"end":{"line":3,"column":24}},"loc":{"start":{"line":3,"column":29},"end":{"line":17,"column":1}},"line":3},"1":{"name":"(anonymous_1)","decl":{"start":{"line":9,"column":17},"end":{"line":9,"column":18}},"loc":{"start":{"line":9,"column":23},"end":{"line":9,"column":53}},"line":9},"2":{"name":"(anonymous_2)","decl":{"start":{"line":9,"column":32},"end":{"line":9,"column":33}},"loc":{"start":{"line":9,"column":43},"end":{"line":9,"column":52}},"line":9}},"branchMap":{},"s":{"0":1,"1":2,"2":2,"3":1,"4":1},"f":{"0":2,"1":1,"2":1},"b":{},"_coverageSchema":"1a1c01bbd47fc00a2c39e90264f33305004495a9","hash":"6247a5cc38a7416726d691560a6c31f76092869a"}
}
